\BOOKMARK [1][-]{section.1}{\376\377\176\317\121\170\213\301\146\016}{}% 1
\BOOKMARK [1][-]{section.2}{\376\377\145\160\122\027\147\201\226\120}{}% 2
\BOOKMARK [2][-]{subsection.2.1}{\376\377\145\160\122\027\147\201\226\120\166\204\133\232\116\111}{section.2}% 3
\BOOKMARK [2][-]{subsection.2.2}{\376\377\145\160\122\027\147\201\226\120\166\204\121\340\117\125\141\017\116\111}{section.2}% 4
\BOOKMARK [2][-]{subsection.2.3}{\376\377\145\160\122\027\135\346\123\363\147\201\226\120}{section.2}% 5
\BOOKMARK [2][-]{subsection.2.4}{\376\377\145\160\122\027\147\201\226\120\166\204\127\372\147\054\140\047\215\050}{section.2}% 6
\BOOKMARK [2][-]{subsection.2.5}{\376\377\145\160\122\027\145\340\172\167\134\017\124\214\145\340\172\167\131\047}{section.2}% 7
\BOOKMARK [2][-]{subsection.2.6}{\376\377\145\160\122\027\147\201\226\120\217\320\173\227}{section.2}% 8
\BOOKMARK [2][-]{subsection.2.7}{\376\377\116\015\133\232\137\017}{section.2}% 9
\BOOKMARK [2][-]{subsection.2.8}{\376\377\123\125\214\003\145\160\122\027\166\204\147\201\226\120}{section.2}% 10
\BOOKMARK [2][-]{subsection.2.9}{\376\377\145\066\145\133\123\237\164\006}{section.2}% 11
\BOOKMARK [2][-]{subsection.2.10}{\376\377\116\012\116\013\147\201\226\120}{section.2}% 12
\BOOKMARK [1][-]{section.3}{\376\377\121\375\145\160\147\201\226\120}{}% 13
\BOOKMARK [2][-]{subsection.3.1}{\376\377\121\375\145\160\147\201\226\120\166\204\133\232\116\111}{section.3}% 14
\BOOKMARK [2][-]{subsection.3.2}{\376\377\121\375\145\160\135\346\123\363\147\201\226\120}{section.3}% 15
\BOOKMARK [2][-]{subsection.3.3}{\376\377\165\050\145\160\122\027\166\204\213\355\212\000\147\145\143\317\217\360\121\375\145\160\147\201\226\120}{section.3}% 16
\BOOKMARK [2][-]{subsection.3.4}{\376\377\116\044\116\052\221\315\211\201\147\201\226\120}{section.3}% 17
\BOOKMARK [2][-]{subsection.3.5}{\376\377\121\375\145\160\147\201\226\120\166\204\127\372\147\054\140\047\215\050}{section.3}% 18
\BOOKMARK [2][-]{subsection.3.6}{\376\377\121\375\145\160\147\201\226\120\217\320\173\227}{section.3}% 19
\BOOKMARK [2][-]{subsection.3.7}{\376\377\116\015\133\232\137\017}{section.3}% 20
\BOOKMARK [2][-]{subsection.3.8}{\376\377\123\125\214\003\121\375\145\160\166\204\147\201\226\120}{section.3}% 21
\BOOKMARK [2][-]{subsection.3.9}{\376\377\121\375\145\160\145\066\145\133\166\204\122\044\133\232\145\271\154\325}{section.3}% 22
\BOOKMARK [2][-]{subsection.3.10}{\376\377\145\340\172\167\134\017\123\312\145\340\172\167\131\047\166\204\122\006\226\066}{section.3}% 23
\BOOKMARK [2][-]{subsection.3.11}{\376\377\155\033\137\305\217\276\154\325\122\031}{section.3}% 24
\BOOKMARK [1][-]{section.4}{\376\377\121\375\145\160\217\336\176\355\123\312\121\166\225\364\145\255}{}% 25
\BOOKMARK [2][-]{subsection.4.1}{\376\377\121\375\145\160\217\336\176\355\166\204\133\232\116\111}{section.4}% 26
\BOOKMARK [2][-]{subsection.4.2}{\376\377\217\336\176\355\121\375\145\160\166\204\173\227\147\057\217\320\173\227}{section.4}% 27
\BOOKMARK [2][-]{subsection.4.3}{\376\377\123\125\117\247\217\336\176\355\124\214\225\364\145\255\122\006\174\173}{section.4}% 28
\BOOKMARK [2][-]{subsection.4.4}{\376\377\123\125\214\003\121\375\145\160\166\204\217\336\176\355\140\047\124\214\225\364\145\255}{section.4}% 29
\BOOKMARK [2][-]{subsection.4.5}{\376\377\122\035\173\111\121\375\145\160\166\204\217\336\176\355\140\047}{section.4}% 30
\BOOKMARK [2][-]{subsection.4.6}{\376\377\217\336\176\355\121\375\145\160\166\204\131\015\124\010}{section.4}% 31
\BOOKMARK [2][-]{subsection.4.7}{\376\377\116\000\201\364\140\047\217\336\176\355}{section.4}% 32
\BOOKMARK [1][-]{section.5}{\376\377\121\375\145\160\133\374\145\160}{}% 33
\BOOKMARK [2][-]{subsection.5.1}{\376\377\133\374\145\160\133\232\116\111}{section.5}% 34
\BOOKMARK [2][-]{subsection.5.2}{\376\377\122\035\173\111\121\375\145\160\133\374\145\160\210\150}{section.5}% 35
\BOOKMARK [2][-]{subsection.5.3}{\376\377\121\375\145\160\130\236\221\317\121\154\137\017}{section.5}% 36
\BOOKMARK [2][-]{subsection.5.4}{\376\377\133\374\145\160\166\204\127\372\147\054\140\047\215\050}{section.5}% 37
\BOOKMARK [2][-]{subsection.5.5}{\376\377\154\102\133\374\154\325\122\031}{section.5}% 38
\BOOKMARK [2][-]{subsection.5.6}{\376\377\131\015\124\010\121\375\145\160\154\102\133\374}{section.5}% 39
\BOOKMARK [1][-]{section.6}{\376\377\121\375\145\160\137\256\122\006}{}% 40
\BOOKMARK [2][-]{subsection.6.1}{\376\377\137\256\122\006\133\232\116\111}{section.6}% 41
\BOOKMARK [2][-]{subsection.6.2}{\376\377\123\357\137\256\124\214\123\357\133\374\166\204\121\163\174\373}{section.6}% 42
\BOOKMARK [2][-]{subsection.6.3}{\376\377\122\035\173\111\121\375\145\160\137\256\122\006\121\154\137\017}{section.6}% 43
\BOOKMARK [2][-]{subsection.6.4}{\376\377\137\256\122\006\217\320\173\227\154\325\122\031}{section.6}% 44
\BOOKMARK [2][-]{subsection.6.5}{\376\377\137\256\122\006\116\015\123\330\140\047}{section.6}% 45
\BOOKMARK [2][-]{subsection.6.6}{\376\377\217\321\117\074\213\241\173\227}{section.6}% 46
\BOOKMARK [2][-]{subsection.6.7}{\376\377\137\256\122\006\127\372\147\054\133\232\164\006}{section.6}% 47
\BOOKMARK [1][-]{section.7}{\376\377\232\330\226\066\133\374\145\160\123\312\137\256\122\006}{}% 48
\BOOKMARK [2][-]{subsection.7.1}{\376\377\232\330\226\066\133\374\145\160\133\232\116\111}{section.7}% 49
\BOOKMARK [2][-]{subsection.7.2}{\376\377\122\035\173\111\121\375\145\160\166\204\000n\226\066\133\374\145\160\121\154\137\017}{section.7}% 50
\BOOKMARK [2][-]{subsection.7.3}{\376\377\203\261\136\003\134\074\203\050\121\154\137\017}{section.7}% 51
\BOOKMARK [2][-]{subsection.7.4}{\376\377\232\330\226\066\137\256\122\006\133\232\116\111}{section.7}% 52
\BOOKMARK [2][-]{subsection.7.5}{\376\377\123\302\123\330\221\317\137\256\122\006\154\325}{section.7}% 53
\BOOKMARK [2][-]{subsection.7.6}{\376\377\154\360\122\322\121\154\137\017}{section.7}% 54
\BOOKMARK [2][-]{subsection.7.7}{\376\377\143\322\120\074\154\325}{section.7}% 55
\BOOKMARK [1][-]{section.8}{\376\377\122\051\165\050\133\374\145\160\170\024\172\166\121\375\145\160}{}% 56
